<?xml version="1.0" encoding="UTF-8"?>
<!-- Generated by org.testng.reporters.JUnitReportReporter -->
<testsuite hostname="IN-C38Z9K3" failures="0" tests="1" name="Runner.TestRunner1" time="6.654" errors="0" timestamp="10 May 2022 17:55:43 GMT" skipped="0">
  <testcase classname="Runner.TestRunner1" name="feature" time="6.654"/>
</testsuite> <!-- Runner.TestRunner1 -->
